<?xml version="1.0" encoding="UTF-8"?>
<!-- Generated by org.testng.reporters.JUnitReportReporter -->
<testsuite skipped="0" hostname="LAPTOP-HBENLGKD" name="com.crm.autodesk.LeadTeast.TC_22_ConvertLeadTest" tests="1" failures="0" timestamp="2021-09-20T12:22:44 IST" time="28.585" errors="0">
  <testcase name="ConvertLeadTest" time="28.585" classname="com.crm.autodesk.LeadTeast.TC_22_ConvertLeadTest"/>
  <system-out/>
</testsuite> <!-- com.crm.autodesk.LeadTeast.TC_22_ConvertLeadTest -->
