<?xml version="1.0" encoding="UTF-8"?>
<!-- Generated by org.testng.reporters.JUnitReportReporter -->
<testsuite skipped="0" hostname="LAPTOP-HBENLGKD" name="com.crm.autodesk.LeadTeast.TC_24_ConvertLeadWithOnlyOpportunityTest" tests="1" failures="0" timestamp="2021-09-20T12:16:34 IST" time="23.762" errors="0">
  <testcase name="convertLeadWithOpportunityTest" time="23.762" classname="com.crm.autodesk.LeadTeast.TC_24_ConvertLeadWithOnlyOpportunityTest"/>
  <system-out/>
</testsuite> <!-- com.crm.autodesk.LeadTeast.TC_24_ConvertLeadWithOnlyOpportunityTest -->
