<?xml version="1.0" encoding="UTF-8"?>
<!-- Generated by org.testng.reporters.JUnitReportReporter -->
<testsuite skipped="0" hostname="LAPTOP-HBENLGKD" name="com.crm.autodesk.LeadTeast.TC_23_ConvertLeadWithOnlyOrgasizationTest" tests="1" failures="0" timestamp="2021-09-20T12:14:26 IST" time="45.059" errors="0">
  <testcase name="ConvertLeadWithOrganizationTest" time="45.059" classname="com.crm.autodesk.LeadTeast.TC_23_ConvertLeadWithOnlyOrgasizationTest"/>
  <system-out/>
</testsuite> <!-- com.crm.autodesk.LeadTeast.TC_23_ConvertLeadWithOnlyOrgasizationTest -->
