<?xml version="1.0" encoding="UTF-8"?>
<!-- Generated by org.testng.reporters.JUnitReportReporter -->
<testsuite skipped="0" hostname="LAPTOP-HBENLGKD" name="com.crm.autodesk.LeadTeast.TC_21_CreateLeadTest" tests="1" failures="0" timestamp="2021-09-20T19:07:07 IST" time="6.964" errors="0">
  <testcase name="CreateLeadTest" time="6.964" classname="com.crm.autodesk.LeadTeast.TC_21_CreateLeadTest"/>
  <system-out/>
</testsuite> <!-- com.crm.autodesk.LeadTeast.TC_21_CreateLeadTest -->
