<?xml version="1.0" encoding="UTF-8"?>
<!-- Generated by org.testng.reporters.JUnitReportReporter -->
<testsuite skipped="0" hostname="LAPTOP-HBENLGKD" name="Practice.ReadFromXML" tests="1" failures="0" timestamp="2021-09-07T21:34:59 IST" time="0.010" errors="0">
  <testcase name="readDataFromxml" time="0.010" classname="Practice.ReadFromXML"/>
  <system-out/>
</testsuite> <!-- Practice.ReadFromXML -->
