<?xml version="1.0" encoding="UTF-8"?>
<!-- Generated by org.testng.reporters.JUnitReportReporter -->
<testsuite skipped="0" hostname="LAPTOP-HBENLGKD" name="com.crm.autodesk.LeadTeast.TC_21_CreateLeadTest" tests="1" failures="0" timestamp="2021-09-20T10:29:15 IST" time="21.383" errors="0">
  <testcase name="CreateLeadTest" time="21.383" classname="com.crm.autodesk.LeadTeast.TC_21_CreateLeadTest"/>
  <system-out/>
</testsuite> <!-- com.crm.autodesk.LeadTeast.TC_21_CreateLeadTest -->
