<?xml version="1.0" encoding="UTF-8"?>
<!-- Generated by org.testng.reporters.JUnitReportReporter -->
<testsuite skipped="0" hostname="LAPTOP-HBENLGKD" name="com.crm.autodesk.OrganizationTest.TC_02_CreateOrganizationTest" tests="1" failures="0" timestamp="2021-09-14T13:11:56 IST" time="22.265" errors="0">
  <testcase name="CreateOrganisationTest" time="22.265" classname="com.crm.autodesk.OrganizationTest.TC_02_CreateOrganizationTest"/>
  <system-out/>
</testsuite> <!-- com.crm.autodesk.OrganizationTest.TC_02_CreateOrganizationTest -->
